#
# A fatal error has been detected by the Java Runtime Environment:
#
#  EXCEPTION_ACCESS_VIOLATION (0xc0000005) at pc=0x000000005e934439, pid=8408, tid=13204
#
# JRE version: Java(TM) SE Runtime Environment (7.0_80-b15) (build 1.7.0_80-b15)
# Java VM: Java HotSpot(TM) 64-Bit Server VM (24.80-b11 mixed mode windows-amd64 compressed oops)
# Problematic frame:
# V  [jvm.dll+0x54439]
#
# Failed to write core dump. Minidumps are not enabled by default on client versions of Windows
#
# If you would like to submit a bug report, please visit:
#   http://bugreport.java.com/bugreport/crash.jsp
#

---------------  T H R E A D  ---------------

Current thread (0x000000000d1d9800):  JavaThread "JDWP Transport Listener: dt_socket" daemon [_thread_in_vm, id=13204, stack(0x000000000e800000,0x000000000e900000)]

siginfo: ExceptionCode=0xc0000005, reading address 0x000000000000000c

Registers:
RAX=0x000000000000000c, RBX=0x000000000d1d9800, RCX=0x0000000000000003, RDX=0x0000000000000000
RSP=0x000000000e8ffa00, RBP=0x000000000000000c, RSI=0x0000000000000000, RDI=0x0000000000000010
R8 =0x00000007d5c31a08, R9 =0x0000000000000000, R10=0x0000000000000000, R11=0x0000000000000001
R12=0x0000000000000000, R13=0x000000000d1cebd8, R14=0x0000000000000000, R15=0x0000000000000000
RIP=0x000000005e934439, EFLAGS=0x0000000000010246

Top of Stack: (sp=0x000000000e8ffa00)
0x000000000e8ffa00:   000000000d1d9800 0000000000000000
0x000000000e8ffa10:   0000000000000000 000000000d1d9800
0x000000000e8ffa20:   0000000000000000 000000005e9fdad7
0x000000000e8ffa30:   00000007d5c31a08 000000000e8ffb50
0x000000000e8ffa40:   000000000ece9788 000000000e8ffb20
0x000000000e8ffa50:   000000000d1d9800 0000000000000000
0x000000000e8ffa60:   000000000ece9788 000000000e8ffb50
0x000000000e8ffa70:   0000000000000000 000000000d1cebd8
0x000000000e8ffa80:   0000000000000000 000000005e867d15
0x000000000e8ffa90:   000000000e8ffb20 000000000e8ffb50
0x000000000e8ffaa0:   000000000ece9788 000000000d1d99e8
0x000000000e8ffab0:   000000000ed46b0a 000000005e86f090
0x000000000e8ffac0:   000000000d010a01 000000000e8ffbc0
0x000000000e8ffad0:   000000000d1ce701 000000000000002c
0x000000000e8ffae0:   0000bcae00000013 000000000d010a00
0x000000000e8ffaf0:   0000000004d35e30 000000005eab1f8d 

Instructions: (pc=0x000000005e934439)
0x000000005e934419:   d2 48 8b c5 eb 18 48 8b d0 48 8b c5 48 d3 e2 48
0x000000005e934429:   03 15 81 64 6a 00 eb 06 48 8b 12 48 8b c7 48 98
0x000000005e934439:   8b 14 10 85 d2 74 2a 45 84 db 4c 63 c6 48 0f 45
0x000000005e934449:   fd 8d 47 0b 48 63 c8 48 83 e1 f8 48 c1 e9 03 8d 


Register to memory mapping:

RAX=0x000000000000000c is an unknown value
RBX=0x000000000d1d9800 is a thread
RCX=0x0000000000000003 is an unknown value
RDX=0x0000000000000000 is an unknown value
RSP=0x000000000e8ffa00 is pointing into the stack for thread: 0x000000000d1d9800
RBP=0x000000000000000c is an unknown value
RSI=0x0000000000000000 is an unknown value
RDI=0x0000000000000010 is an unknown value
R8 =0x00000007d5c31a08 is an oop
java.lang.String 
 - klass: 'java/lang/String'
R9 =0x0000000000000000 is an unknown value
R10=0x0000000000000000 is an unknown value
R11=0x0000000000000001 is an unknown value
R12=0x0000000000000000 is an unknown value
R13=0x000000000d1cebd8 is an unknown value
R14=0x0000000000000000 is an unknown value
R15=0x0000000000000000 is an unknown value


Stack: [0x000000000e800000,0x000000000e900000],  sp=0x000000000e8ffa00,  free space=1022k
Native frames: (J=compiled Java code, j=interpreted, Vv=VM code, C=native code)
V  [jvm.dll+0x54439]


---------------  P R O C E S S  ---------------

Java Threads: ( => current thread )
  0x000000000d1cb000 JavaThread "Service Thread" daemon [_thread_blocked, id=8356, stack(0x000000000f100000,0x000000000f200000)]
  0x000000000ec10800 JavaThread "C2 CompilerThread1" daemon [_thread_blocked, id=9616, stack(0x000000000f000000,0x000000000f100000)]
  0x000000000ec10000 JavaThread "C2 CompilerThread0" daemon [_thread_blocked, id=788, stack(0x000000000ef00000,0x000000000f000000)]
  0x000000000d1e1000 JavaThread "JDWP Command Reader" daemon [_thread_in_native, id=8612, stack(0x000000000ea00000,0x000000000eb00000)]
  0x000000000d1de000 JavaThread "JDWP Event Helper Thread" daemon [_thread_blocked, id=9008, stack(0x000000000e900000,0x000000000ea00000)]
=>0x000000000d1d9800 JavaThread "JDWP Transport Listener: dt_socket" daemon [_thread_in_vm, id=13204, stack(0x000000000e800000,0x000000000e900000)]
  0x000000000d1cc000 JavaThread "Attach Listener" daemon [_thread_blocked, id=2956, stack(0x000000000e610000,0x000000000e710000)]
  0x000000000d1c9800 JavaThread "Signal Dispatcher" daemon [_thread_blocked, id=15700, stack(0x000000000e510000,0x000000000e610000)]
  0x0000000004e0c000 JavaThread "Finalizer" daemon [_thread_blocked, id=12736, stack(0x000000000e410000,0x000000000e510000)]
  0x0000000004e03800 JavaThread "Reference Handler" daemon [_thread_blocked, id=11300, stack(0x000000000e310000,0x000000000e410000)]
  0x000000000472e800 JavaThread "main" [_thread_blocked, id=5540, stack(0x0000000004b20000,0x0000000004c20000)]

Other Threads:
  0x000000000d182800 VMThread [stack: 0x000000000e210000,0x000000000e310000] [id=12880]
  0x000000000ec15000 WatcherThread [stack: 0x000000000f200000,0x000000000f300000] [id=4968]

VM state:not at safepoint (normal execution)

VM Mutex/Monitor currently owned by a thread: None

Heap
 PSYoungGen      total 38400K, used 3343K [0x00000007d5900000, 0x00000007d8380000, 0x0000000800000000)
  eden space 33280K, 10% used [0x00000007d5900000,0x00000007d5c43fc0,0x00000007d7980000)
  from space 5120K, 0% used [0x00000007d7e80000,0x00000007d7e80000,0x00000007d8380000)
  to   space 5120K, 0% used [0x00000007d7980000,0x00000007d7980000,0x00000007d7e80000)
 ParOldGen       total 86528K, used 0K [0x0000000780c00000, 0x0000000786080000, 0x00000007d5900000)
  object space 86528K, 0% used [0x0000000780c00000,0x0000000780c00000,0x0000000786080000)
 PSPermGen       total 21504K, used 3076K [0x000000077ba00000, 0x000000077cf00000, 0x0000000780c00000)
  object space 21504K, 14% used [0x000000077ba00000,0x000000077bd01138,0x000000077cf00000)

Card table byte_map: [0x0000000007ee0000,0x0000000008310000] byte_map_base: 0x0000000004303000

Polling page: 0x0000000004660000

Code Cache  [0x0000000004e20000, 0x0000000005090000, 0x0000000007e20000)
 total_blobs=197 nmethods=5 adapters=153 free_code_cache=48754Kb largest_free_block=49908544

Compilation events (10 events):
Event: 0.171 Thread 0x000000000ec10800    2             java.lang.String::hashCode (55 bytes)
Event: 0.171 Thread 0x000000000ec10000    1             java.lang.String::equals (81 bytes)
Event: 0.176 Thread 0x000000000ec10800 nmethod 2 0x0000000004e820d0 code [0x0000000004e82200, 0x0000000004e82398]
Event: 0.176 Thread 0x000000000ec10800    3             java.lang.String::indexOf (70 bytes)
Event: 0.177 Thread 0x000000000ec10000 nmethod 1 0x0000000004e81a90 code [0x0000000004e81be0, 0x0000000004e81ef8]
Event: 0.177 Thread 0x000000000ec10000    4             sun.misc.ASCIICaseInsensitiveComparator::compare (126 bytes)
Event: 0.179 Thread 0x000000000ec10800 nmethod 3 0x0000000004e81650 code [0x0000000004e817a0, 0x0000000004e81978]
Event: 0.179 Thread 0x000000000ec10800    5             sun.nio.cs.UTF_8$Encoder::encode (361 bytes)
Event: 0.181 Thread 0x000000000ec10000 nmethod 4 0x0000000004e80cd0 code [0x0000000004e80e20, 0x0000000004e81298]
Event: 0.183 Thread 0x000000000ec10800 nmethod 5 0x0000000004e852d0 code [0x0000000004e85420, 0x0000000004e857f8]

GC Heap History (0 events):
No events

Deoptimization events (0 events):
No events

Internal exceptions (10 events):
Event: 0.156 Thread 0x000000000472e800 Threw 0x00000007d5ba60e0 at C:\re\jdk7u80\2329\hotspot\src\share\vm\prims\jvm.cpp:1319
Event: 0.158 Thread 0x000000000472e800 Threw 0x00000007d5baf310 at C:\re\jdk7u80\2329\hotspot\src\share\vm\prims\jvm.cpp:1319
Event: 0.161 Thread 0x000000000472e800 Threw 0x00000007d5bca110 at C:\re\jdk7u80\2329\hotspot\src\share\vm\prims\jvm.cpp:1319
Event: 0.162 Thread 0x000000000472e800 Threw 0x00000007d5bd11a8 at C:\re\jdk7u80\2329\hotspot\src\share\vm\prims\jvm.cpp:1319
Event: 0.163 Thread 0x000000000472e800 Threw 0x00000007d5bd8b88 at C:\re\jdk7u80\2329\hotspot\src\share\vm\prims\jvm.cpp:1319
Event: 0.166 Thread 0x000000000472e800 Threw 0x00000007d5be1fe0 at C:\re\jdk7u80\2329\hotspot\src\share\vm\prims\jvm.cpp:1319
Event: 0.167 Thread 0x000000000472e800 Threw 0x00000007d5beb4a0 at C:\re\jdk7u80\2329\hotspot\src\share\vm\prims\jvm.cpp:1319
Event: 0.167 Thread 0x000000000472e800 Threw 0x00000007d5bf3bc0 at C:\re\jdk7u80\2329\hotspot\src\share\vm\prims\jvm.cpp:1319
Event: 0.168 Thread 0x000000000472e800 Threw 0x00000007d5c105a8 at C:\re\jdk7u80\2329\hotspot\src\share\vm\prims\jvm.cpp:1319
Event: 0.173 Thread 0x000000000472e800 Threw 0x00000007d5c23d70 at C:\re\jdk7u80\2329\hotspot\src\share\vm\prims\jvm.cpp:1319

Events (10 events):
Event: 948.546 Executing VM operation: GetOrSetLocal
Event: 948.546 Executing VM operation: GetOrSetLocal done
Event: 948.547 Executing VM operation: GetOrSetLocal
Event: 948.547 Executing VM operation: GetOrSetLocal done
Event: 948.548 Executing VM operation: GetOrSetLocal
Event: 948.548 Executing VM operation: GetOrSetLocal done
Event: 948.548 Executing VM operation: GetOrSetLocal
Event: 948.548 Executing VM operation: GetOrSetLocal done
Event: 948.548 Executing VM operation: GetOrSetLocal
Event: 948.548 Executing VM operation: GetOrSetLocal done


Dynamic libraries:
0x00007ff79ac60000 - 0x00007ff79ac93000 	C:\Program Files\Java\jdk1.7.0_80\bin\java.exe
0x00007ffd25f50000 - 0x00007ffd26130000 	C:\Windows\SYSTEM32\ntdll.dll
0x00007ffd24860000 - 0x00007ffd2490e000 	C:\Windows\System32\KERNEL32.DLL
0x00007ffd223b0000 - 0x00007ffd22616000 	C:\Windows\System32\KERNELBASE.dll
0x00007ffd24320000 - 0x00007ffd243c1000 	C:\Windows\System32\ADVAPI32.dll
0x00007ffd23540000 - 0x00007ffd235dd000 	C:\Windows\System32\msvcrt.dll
0x00007ffd24050000 - 0x00007ffd240ab000 	C:\Windows\System32\sechost.dll
0x00007ffd23b80000 - 0x00007ffd23c9f000 	C:\Windows\System32\RPCRT4.dll
0x00007ffd239f0000 - 0x00007ffd23b7f000 	C:\Windows\System32\USER32.dll
0x00007ffd232d0000 - 0x00007ffd232f0000 	C:\Windows\System32\win32u.dll
0x00007ffd235e0000 - 0x00007ffd23608000 	C:\Windows\System32\GDI32.dll
0x00007ffd22720000 - 0x00007ffd228b3000 	C:\Windows\System32\gdi32full.dll
0x00007ffd23230000 - 0x00007ffd232cb000 	C:\Windows\System32\msvcp_win.dll
0x00007ffd22620000 - 0x00007ffd22715000 	C:\Windows\System32\ucrtbase.dll
0x00007ffd18900000 - 0x00007ffd18b69000 	C:\Windows\WinSxS\amd64_microsoft.windows.common-controls_6595b64144ccf1df_6.0.16299.726_none_15ccdb369361144a\COMCTL32.dll
0x00007ffd23670000 - 0x00007ffd23977000 	C:\Windows\System32\combase.dll
0x00007ffd233a0000 - 0x00007ffd23412000 	C:\Windows\System32\bcryptPrimitives.dll
0x00007ffd243d0000 - 0x00007ffd243fd000 	C:\Windows\System32\IMM32.DLL
0x00007ffd1e730000 - 0x00007ffd1e746000 	C:\Windows\TempModule64.dll
0x00007ffd23420000 - 0x00007ffd23428000 	C:\Windows\System32\PSAPI.DLL
0x000000005f0c0000 - 0x000000005f192000 	C:\Program Files\Java\jdk1.7.0_80\jre\bin\msvcr100.dll
0x000000005e8e0000 - 0x000000005f0b9000 	C:\Program Files\Java\jdk1.7.0_80\jre\bin\server\jvm.dll
0x00007ffd0b660000 - 0x00007ffd0b669000 	C:\Windows\SYSTEM32\WSOCK32.dll
0x00007ffd23980000 - 0x00007ffd239ec000 	C:\Windows\System32\WS2_32.dll
0x00007ffd1b790000 - 0x00007ffd1b7b3000 	C:\Windows\SYSTEM32\WINMM.dll
0x00007ffd1b730000 - 0x00007ffd1b75a000 	C:\Windows\SYSTEM32\WINMMBASE.dll
0x00007ffd23010000 - 0x00007ffd2305a000 	C:\Windows\System32\cfgmgr32.dll
0x000000005e8d0000 - 0x000000005e8df000 	C:\Program Files\Java\jdk1.7.0_80\jre\bin\verify.dll
0x000000005e8a0000 - 0x000000005e8c8000 	C:\Program Files\Java\jdk1.7.0_80\jre\bin\java.dll
0x000000005e860000 - 0x000000005e895000 	C:\Program Files\Java\jdk1.7.0_80\jre\bin\jdwp.dll
0x000000005e850000 - 0x000000005e858000 	C:\Program Files\Java\jdk1.7.0_80\jre\bin\npt.dll
0x000000005e820000 - 0x000000005e843000 	C:\Program Files\Java\jdk1.7.0_80\jre\bin\instrument.dll
0x000000005e800000 - 0x000000005e816000 	C:\Program Files\Java\jdk1.7.0_80\jre\bin\zip.dll
0x000000005e7f0000 - 0x000000005e7f9000 	C:\Program Files\Java\jdk1.7.0_80\jre\bin\dt_socket.dll
0x00007ffd18e20000 - 0x00007ffd18f9a000 	C:\Program Files (x86)\Sangfor\SSL\ClientComponent2\SangforTcpX64.dll
0x00007ffd25dd0000 - 0x00007ffd25f19000 	C:\Windows\System32\ole32.dll
0x00007ffd24250000 - 0x00007ffd24315000 	C:\Windows\System32\OLEAUT32.dll
0x00007ffd240b0000 - 0x00007ffd24101000 	C:\Windows\System32\SHLWAPI.dll
0x00007ffd22350000 - 0x00007ffd223a8000 	C:\Windows\System32\WINTRUST.dll
0x00007ffd22330000 - 0x00007ffd22342000 	C:\Windows\System32\MSASN1.dll
0x00007ffd23060000 - 0x00007ffd2322e000 	C:\Windows\System32\CRYPT32.dll
0x00007ffd1a520000 - 0x00007ffd1a52a000 	C:\Windows\SYSTEM32\VERSION.dll
0x00007ffd21b30000 - 0x00007ffd21b96000 	C:\Windows\system32\mswsock.dll
0x00007ffd18730000 - 0x00007ffd188f8000 	C:\Windows\SYSTEM32\dbghelp.dll

VM Arguments:
jvm_args: -agentlib:jdwp=transport=dt_socket,address=127.0.0.1:50967,suspend=y,server=n -Dvisualvm.id=2001539711893779 -javaagent:C:\Users\liubojin\.IntelliJIdea2018.1\system\captureAgent\debugger-agent.jar=file:/C:/Users/liubojin/AppData/Local/Temp/capture.props -Dfile.encoding=UTF-8 
java_command: FileIo
Launcher Type: SUN_STANDARD

Environment Variables:
JAVA_HOME=C:\Program Files\Java\jdk1.7.0_80
CLASSPATH=C:\Program Files\Java\jdk1.8.0_171\lib;C:\Program Files\Java\jdk1.8.0_171\lib;C:\Program Files\Java\jdk1.8.0_171\lib;LASSPATH;;;
PATH=C:\Program Files (x86)\Common Files\Oracle\Java\javapath;C:\ProgramData\Oracle\Java\javapath;C:\Windows\system32;C:\Windows;C:\Windows\System32\Wbem;C:\Windows\System32\WindowsPowerShell\v1.0\;C:\Program Files\Git\cmd;C:\Program Files (x86)\Common Files\Oracle\Java\javapath;C:\ProgramData\Oracle\Java\javapath;C:\Windows\system32;C:\Windows;C:\Windows\System32\Wbem;C:\Windows\System32\WindowsPowerShell\v1.0\;C:\Program Files\Git\cmd;C:\Users\liubojin\AppData\Local\Microsoft\WindowsApps;C:\Users\liubojin\AppData\Local\atom\bin;C:\Program Files\apache-maven-3.5.4-bin\apache-maven-3.5.4\bin"
USERNAME=liubojin
OS=Windows_NT
PROCESSOR_IDENTIFIER=Intel64 Family 6 Model 60 Stepping 3, GenuineIntel



---------------  S Y S T E M  ---------------

OS: Windows 8.1 , 64 bit Build 9600 

CPU:total 4 (4 cores per cpu, 1 threads per core) family 6 model 60 stepping 3, cmov, cx8, fxsr, mmx, sse, sse2, sse3, ssse3, sse4.1, sse4.2, popcnt, avx, avx2, aes, erms, tsc, tscinvbit

Memory: 4k page, physical 8338380k(1855668k free), swap 14008228k(1806208k free)

vm_info: Java HotSpot(TM) 64-Bit Server VM (24.80-b11) for windows-amd64 JRE (1.7.0_80-b15), built on Apr 10 2015 11:26:34 by "java_re" with unknown MS VC++:1600

time: Tue Dec 04 15:08:57 2018
elapsed time: 948 seconds

